==10998== Memcheck, a memory error detector
==10998== Copyright (C) 2002-2017, and GNU GPL'd, by Julian Seward et al.
==10998== Using Valgrind-3.17.0 and LibVEX; rerun with -h for copyright info
==10998== Command: ./prefix_db
==10998== Parent PID: 10723
==10998== 
==10998== 
==10998== HEAP SUMMARY:
==10998==     in use at exit: 112 bytes in 7 blocks
==10998==   total heap usage: 11 allocs, 4 frees, 1,184 bytes allocated
==10998== 
==10998== LEAK SUMMARY:
==10998==    definitely lost: 0 bytes in 0 blocks
==10998==    indirectly lost: 0 bytes in 0 blocks
==10998==      possibly lost: 0 bytes in 0 blocks
==10998==    still reachable: 112 bytes in 7 blocks
==10998==         suppressed: 0 bytes in 0 blocks
==10998== Rerun with --leak-check=full to see details of leaked memory
==10998== 
==10998== For lists of detected and suppressed errors, rerun with: -s
==10998== ERROR SUMMARY: 0 errors from 0 contexts (suppressed: 0 from 0)
